
**** Build of configuration Nios II for project dsd ****

make mem_init_generate 
Info: Compiling hello_world.c to obj/default/hello_world.o
nios2-elf-gcc -xc -MP -MMD -c -I../dsd_bsp/HAL/inc -I../dsd_bsp -I../dsd_bsp/drivers/inc  -DSYSTEM_BUS_WIDTH=32 -pipe -D__hal__ -DALT_NO_C_PLUS_PLUS -DALT_NO_INSTRUCTION_EMULATION -DALT_USE_SMALL_DRIVERS -DALT_SIM_OPTIMIZE -DSMALL_C_LIB -DALT_SINGLE_THREADED    -O3  -Wall -std=c99  -EL -mno-hw-div -mno-hw-mul -mno-hw-mulx  -o obj/default/hello_world.o hello_world.c
hello_world.c: In function 'main':
Info: Building ../dsd_bsp
hello_world.c:130: warning: passing argument 1 of 'detmat' from incompatible pointer type
make --no-print-directory -C ../dsd_bsp
hello_world.c:134: warning: implicit declaration of function 'gcvt'
[BSP build complete]
Info: Linking RUN_ON_HDL_SIMULATOR_ONLY_dsd.elf
nios2-elf-g++  -T'../dsd_bsp/linker.x' -msys-crt0='../dsd_bsp/obj/HAL/src/crt0.o' -msys-lib=hal_bsp -L../dsd_bsp  -msmallc  -Wl,-Map=RUN_ON_HDL_SIMULATOR_ONLY_dsd.map   -O3  -Wall -std=c99  -EL -mno-hw-div -mno-hw-mul -mno-hw-mulx  -o RUN_ON_HDL_SIMULATOR_ONLY_dsd.elf obj/default/hello_world.o -lm 
nios2-elf-insert RUN_ON_HDL_SIMULATOR_ONLY_dsd.elf --thread_model hal --cpu_name cpu --qsys true --simulation_enabled false --id 0 --sidp 0x1001030 --timestamp 1362429039 --stderr_dev jtag_uart --stdin_dev jtag_uart --stdout_dev jtag_uart --sopc_system_name first_nios2_system --quartus_project_dir "C:/Users/Oskar/Documents/DSD" --jdi C:/Users/Oskar/Documents/DSD/hello_world.jdi --sopcinfo C:/Users/Oskar/Documents/DSD/first_nios2_system.sopcinfo
perl: warning: Setting locale failed.
perl: warning: Please check that your locale settings:
	LC_ALL = (unset),
	LANG = "en"
    are supported and installed on your system.
perl: warning: Falling back to the standard locale ("C").
Info: (RUN_ON_HDL_SIMULATOR_ONLY_dsd.elf) 7256 Bytes program size (code + initialized data).
Info:                                     8184 KBytes free for stack + heap.
Post-processing to create mem_init/hdl_sim/sdram_0.dat...
bash -c 'elf2dat --infile=RUN_ON_HDL_SIMULATOR_ONLY_dsd.elf --outfile=mem_init/hdl_sim/sdram_0.dat \
		--base=0x00800000 --end=0x00ffffff --width=16 \
		--little-endian-mem --create-lanes=0 '
perl: warning: Setting locale failed.
perl: warning: Please check that your locale settings:
	LC_ALL = (unset),
	LANG = "en"
    are supported and installed on your system.
perl: warning: Falling back to the standard locale ("C").
perl: warning: Setting locale failed.
perl: warning: Please check that your locale settings:
	LC_ALL = (unset),
	LANG = "en"
    are supported and installed on your system.
perl: warning: Falling back to the standard locale ("C").
Post-processing to create mem_init/hdl_sim/sdram_0.sym...
nios2-elf-nm -n RUN_ON_HDL_SIMULATOR_ONLY_dsd.elf > mem_init/hdl_sim/sdram_0.sym

**** Build Finished ****
